<?xml version="1.0" encoding="UTF-8"?>
<!-- Generated by org.testng.reporters.JUnitXMLReporter -->
<testsuite ignored="0" hostname="PCNiTro5" failures="0" tests="22" name="Surefire test" time="0.209" errors="0" timestamp="2024-06-04T12:37:22 ICT">
  <testcase classname="com.example.AppTest" name="shouldAnswerWithTrue on shouldAnswerWithTrue(com.example.AppTest)" time="0.017"/>
  <testcase classname="com.example.AssertTests" name="testAssertNotNull on testAssertNotNull(com.example.AssertTests)" time="0.004"/>
  <testcase classname="com.example.AssertTests" name="testAssertNotSame on testAssertNotSame(com.example.AssertTests)" time="0.004"/>
  <testcase classname="com.example.AssertTests" name="testAssertThatHasItems on testAssertThatHasItems(com.example.AssertTests)" time="0.019"/>
  <testcase classname="com.example.AssertTests" name="testAssertThatEveryItemContainsString on testAssertThatEveryItemContainsString(com.example.AssertTests)" time="0.026"/>
  <testcase classname="com.example.AssertTests" name="testAssertFalse on testAssertFalse(com.example.AssertTests)" time="0.03"/>
  <testcase classname="com.example.AssertTests" name="testAssertThatBothContainsString on testAssertThatBothContainsString(com.example.AssertTests)" time="0.034"/>
  <testcase classname="com.example.AssertTests" name="testAssertEquals on testAssertEquals(com.example.AssertTests)" time="0.036"/>
  <testcase classname="com.example.AssertTests" name="testAssertArrayEquals on testAssertArrayEquals(com.example.AssertTests)" time="0.038"/>
  <testcase classname="com.example.AssertTests" name="testAssertThatHamcrestCoreMatchers on testAssertThatHamcrestCoreMatchers(com.example.AssertTests)" time="0.05"/>
  <testcase classname="com.example.AssertTests" name="testAssertNull on testAssertNull(com.example.AssertTests)" time="0.052"/>
  <testcase classname="com.example.AssertTests" name="testAssertSame on testAssertSame(com.example.AssertTests)" time="0.053"/>
  <testcase classname="com.example.AssertTests" name="testAssertTrue on testAssertTrue(com.example.AssertTests)" time="0.054"/>
  <testcase classname="com.example.TestDemo" name="testIsPrimeNumber1 on testIsPrimeNumber1(com.example.TestDemo)" time="0.012"/>
  <testcase classname="com.example.TestDemo" name="testIsPrimeNumber2 on testIsPrimeNumber2(com.example.TestDemo)" time="0.013"/>
  <testcase classname="com.example.TestDemo" name="testIsPrimeNumber3 on testIsPrimeNumber3(com.example.TestDemo)" time="0.012"/>
  <testcase classname="com.example.TestDemo" name="testIsPrimeNumber4 on testIsPrimeNumber4(com.example.TestDemo)" time="0.014"/>
  <testcase classname="com.example.TestDemo" name="testIsPrimeNumber5 on testIsPrimeNumber5(com.example.TestDemo)" time="0.016"/>
  <testcase classname="com.example.TestDemo" name="testIsPrimeNumber6 on testIsPrimeNumber6(com.example.TestDemo)" time="0.017"/>
  <testcase classname="com.example.TestPasswordValidator" name="testIsPasswordTooLong on testIsPasswordTooLong(com.example.TestPasswordValidator)" time="0.008"/>
  <testcase classname="com.example.TestPasswordValidator" name="testIsPasswordStrong on testIsPasswordStrong(com.example.TestPasswordValidator)" time="0.011"/>
  <testcase classname="com.example.TestPasswordValidator" name="testIsPasswordNotStrong on testIsPasswordNotStrong(com.example.TestPasswordValidator)" time="0.013"/>
</testsuite> <!-- Surefire test -->
